/home/ubuntu/Desktop/workspace/self-driving-cars-v2/install/self_driving_car_pkg/lib/python3.8/site-packages/self_driving_car_pkg/__init__.py
/home/ubuntu/Desktop/workspace/self-driving-cars-v2/install/self_driving_car_pkg/lib/python3.8/site-packages/self_driving_car_pkg/Drive_Bot.py
/home/ubuntu/Desktop/workspace/self-driving-cars-v2/install/self_driving_car_pkg/lib/python3.8/site-packages/self_driving_car_pkg/video_recorder.py
/home/ubuntu/Desktop/workspace/self-driving-cars-v2/install/self_driving_car_pkg/lib/python3.8/site-packages/self_driving_car_pkg/computer_vision_node.py
/home/ubuntu/Desktop/workspace/self-driving-cars-v2/install/self_driving_car_pkg/lib/python3.8/site-packages/self_driving_car_pkg/self_driving_spawner.py
/home/ubuntu/Desktop/workspace/self-driving-cars-v2/install/self_driving_car_pkg/lib/python3.8/site-packages/self_driving_car_pkg/config/__init__.py
/home/ubuntu/Desktop/workspace/self-driving-cars-v2/install/self_driving_car_pkg/lib/python3.8/site-packages/self_driving_car_pkg/config/config.py
/home/ubuntu/Desktop/workspace/self-driving-cars-v2/install/self_driving_car_pkg/lib/python3.8/site-packages/self_driving_car_pkg/Detection/tracker.py
/home/ubuntu/Desktop/workspace/self-driving-cars-v2/install/self_driving_car_pkg/lib/python3.8/site-packages/self_driving_car_pkg/Detection/__init__.py
/home/ubuntu/Desktop/workspace/self-driving-cars-v2/install/self_driving_car_pkg/lib/python3.8/site-packages/self_driving_car_pkg/Detection/Lanes/lane_detection.py
/home/ubuntu/Desktop/workspace/self-driving-cars-v2/install/self_driving_car_pkg/lib/python3.8/site-packages/self_driving_car_pkg/Detection/Lanes/colour_segmentation.py
/home/ubuntu/Desktop/workspace/self-driving-cars-v2/install/self_driving_car_pkg/lib/python3.8/site-packages/self_driving_car_pkg/Detection/Lanes/__init__.py
/home/ubuntu/Desktop/workspace/self-driving-cars-v2/install/self_driving_car_pkg/lib/python3.8/site-packages/self_driving_car_pkg/Detection/Lanes/morph_operations.py
/home/ubuntu/Desktop/workspace/self-driving-cars-v2/install/self_driving_car_pkg/lib/python3.8/site-packages/self_driving_car_pkg/Detection/Lanes/midlane_estimation.py
/home/ubuntu/Desktop/workspace/self-driving-cars-v2/install/self_driving_car_pkg/lib/python3.8/site-packages/self_driving_car_pkg/Detection/Lanes/cleaning.py
/home/ubuntu/Desktop/workspace/self-driving-cars-v2/install/self_driving_car_pkg/lib/python3.8/site-packages/self_driving_car_pkg/Detection/Lanes/utilities.py
/home/ubuntu/Desktop/workspace/self-driving-cars-v2/install/self_driving_car_pkg/lib/python3.8/site-packages/self_driving_car_pkg/Detection/Lanes/data_extraction.py
/home/ubuntu/Desktop/workspace/self-driving-cars-v2/install/self_driving_car_pkg/lib/python3.8/site-packages/self_driving_car_pkg/Detection/Signs/__init__.py
/home/ubuntu/Desktop/workspace/self-driving-cars-v2/install/self_driving_car_pkg/lib/python3.8/site-packages/self_driving_car_pkg/Detection/Signs/sign_detection.py
/home/ubuntu/Desktop/workspace/self-driving-cars-v2/install/self_driving_car_pkg/lib/python3.8/site-packages/self_driving_car_pkg/Detection/TrafficLights/colour_segmentation.py
/home/ubuntu/Desktop/workspace/self-driving-cars-v2/install/self_driving_car_pkg/lib/python3.8/site-packages/self_driving_car_pkg/Detection/TrafficLights/__init__.py
/home/ubuntu/Desktop/workspace/self-driving-cars-v2/install/self_driving_car_pkg/lib/python3.8/site-packages/self_driving_car_pkg/Detection/TrafficLights/trafic_lights_detection.py
/home/ubuntu/Desktop/workspace/self-driving-cars-v2/install/self_driving_car_pkg/lib/python3.8/site-packages/self_driving_car_pkg/__pycache__/__init__.cpython-38.pyc
/home/ubuntu/Desktop/workspace/self-driving-cars-v2/install/self_driving_car_pkg/lib/python3.8/site-packages/self_driving_car_pkg/__pycache__/Drive_Bot.cpython-38.pyc
/home/ubuntu/Desktop/workspace/self-driving-cars-v2/install/self_driving_car_pkg/lib/python3.8/site-packages/self_driving_car_pkg/__pycache__/video_recorder.cpython-38.pyc
/home/ubuntu/Desktop/workspace/self-driving-cars-v2/install/self_driving_car_pkg/lib/python3.8/site-packages/self_driving_car_pkg/__pycache__/computer_vision_node.cpython-38.pyc
/home/ubuntu/Desktop/workspace/self-driving-cars-v2/install/self_driving_car_pkg/lib/python3.8/site-packages/self_driving_car_pkg/__pycache__/self_driving_spawner.cpython-38.pyc
/home/ubuntu/Desktop/workspace/self-driving-cars-v2/install/self_driving_car_pkg/lib/python3.8/site-packages/self_driving_car_pkg/config/__pycache__/__init__.cpython-38.pyc
/home/ubuntu/Desktop/workspace/self-driving-cars-v2/install/self_driving_car_pkg/lib/python3.8/site-packages/self_driving_car_pkg/config/__pycache__/config.cpython-38.pyc
/home/ubuntu/Desktop/workspace/self-driving-cars-v2/install/self_driving_car_pkg/lib/python3.8/site-packages/self_driving_car_pkg/Detection/__pycache__/tracker.cpython-38.pyc
/home/ubuntu/Desktop/workspace/self-driving-cars-v2/install/self_driving_car_pkg/lib/python3.8/site-packages/self_driving_car_pkg/Detection/__pycache__/__init__.cpython-38.pyc
/home/ubuntu/Desktop/workspace/self-driving-cars-v2/install/self_driving_car_pkg/lib/python3.8/site-packages/self_driving_car_pkg/Detection/Lanes/__pycache__/lane_detection.cpython-38.pyc
/home/ubuntu/Desktop/workspace/self-driving-cars-v2/install/self_driving_car_pkg/lib/python3.8/site-packages/self_driving_car_pkg/Detection/Lanes/__pycache__/colour_segmentation.cpython-38.pyc
/home/ubuntu/Desktop/workspace/self-driving-cars-v2/install/self_driving_car_pkg/lib/python3.8/site-packages/self_driving_car_pkg/Detection/Lanes/__pycache__/__init__.cpython-38.pyc
/home/ubuntu/Desktop/workspace/self-driving-cars-v2/install/self_driving_car_pkg/lib/python3.8/site-packages/self_driving_car_pkg/Detection/Lanes/__pycache__/morph_operations.cpython-38.pyc
/home/ubuntu/Desktop/workspace/self-driving-cars-v2/install/self_driving_car_pkg/lib/python3.8/site-packages/self_driving_car_pkg/Detection/Lanes/__pycache__/midlane_estimation.cpython-38.pyc
/home/ubuntu/Desktop/workspace/self-driving-cars-v2/install/self_driving_car_pkg/lib/python3.8/site-packages/self_driving_car_pkg/Detection/Lanes/__pycache__/cleaning.cpython-38.pyc
/home/ubuntu/Desktop/workspace/self-driving-cars-v2/install/self_driving_car_pkg/lib/python3.8/site-packages/self_driving_car_pkg/Detection/Lanes/__pycache__/utilities.cpython-38.pyc
/home/ubuntu/Desktop/workspace/self-driving-cars-v2/install/self_driving_car_pkg/lib/python3.8/site-packages/self_driving_car_pkg/Detection/Lanes/__pycache__/data_extraction.cpython-38.pyc
/home/ubuntu/Desktop/workspace/self-driving-cars-v2/install/self_driving_car_pkg/lib/python3.8/site-packages/self_driving_car_pkg/Detection/Signs/__pycache__/__init__.cpython-38.pyc
/home/ubuntu/Desktop/workspace/self-driving-cars-v2/install/self_driving_car_pkg/lib/python3.8/site-packages/self_driving_car_pkg/Detection/Signs/__pycache__/sign_detection.cpython-38.pyc
/home/ubuntu/Desktop/workspace/self-driving-cars-v2/install/self_driving_car_pkg/lib/python3.8/site-packages/self_driving_car_pkg/Detection/TrafficLights/__pycache__/colour_segmentation.cpython-38.pyc
/home/ubuntu/Desktop/workspace/self-driving-cars-v2/install/self_driving_car_pkg/lib/python3.8/site-packages/self_driving_car_pkg/Detection/TrafficLights/__pycache__/__init__.cpython-38.pyc
/home/ubuntu/Desktop/workspace/self-driving-cars-v2/install/self_driving_car_pkg/lib/python3.8/site-packages/self_driving_car_pkg/Detection/TrafficLights/__pycache__/trafic_lights_detection.cpython-38.pyc
/home/ubuntu/Desktop/workspace/self-driving-cars-v2/install/self_driving_car_pkg/share/ament_index/resource_index/packages/self_driving_car_pkg
/home/ubuntu/Desktop/workspace/self-driving-cars-v2/install/self_driving_car_pkg/share/self_driving_car_pkg/package.xml
/home/ubuntu/Desktop/workspace/self-driving-cars-v2/install/self_driving_car_pkg/share/self_driving_car_pkg/launch/world.launch.py
/home/ubuntu/Desktop/workspace/self-driving-cars-v2/install/self_driving_car_pkg/share/self_driving_car_pkg/launch/record_drive.launch.py
/home/ubuntu/Desktop/workspace/self-driving-cars-v2/install/self_driving_car_pkg/share/self_driving_car_pkg/launch/test_laneFollow.launch.py
/home/ubuntu/Desktop/workspace/self-driving-cars-v2/install/self_driving_car_pkg/share/self_driving_car_pkg/worlds/Lane_follow_test.world
/home/ubuntu/Desktop/workspace/self-driving-cars-v2/install/self_driving_car_pkg/share/self_driving_car_pkg/worlds/self_driving_car.world
/home/ubuntu/Desktop/workspace/self-driving-cars-v2/install/self_driving_car_pkg/lib/self_driving_car_pkg/lights_spawner.bash
/home/ubuntu/Desktop/workspace/self-driving-cars-v2/install/self_driving_car_pkg/lib/python3.8/site-packages/self_driving_car_pkg-0.0.1-py3.8.egg-info/SOURCES.txt
/home/ubuntu/Desktop/workspace/self-driving-cars-v2/install/self_driving_car_pkg/lib/python3.8/site-packages/self_driving_car_pkg-0.0.1-py3.8.egg-info/top_level.txt
/home/ubuntu/Desktop/workspace/self-driving-cars-v2/install/self_driving_car_pkg/lib/python3.8/site-packages/self_driving_car_pkg-0.0.1-py3.8.egg-info/entry_points.txt
/home/ubuntu/Desktop/workspace/self-driving-cars-v2/install/self_driving_car_pkg/lib/python3.8/site-packages/self_driving_car_pkg-0.0.1-py3.8.egg-info/dependency_links.txt
/home/ubuntu/Desktop/workspace/self-driving-cars-v2/install/self_driving_car_pkg/lib/python3.8/site-packages/self_driving_car_pkg-0.0.1-py3.8.egg-info/requires.txt
/home/ubuntu/Desktop/workspace/self-driving-cars-v2/install/self_driving_car_pkg/lib/python3.8/site-packages/self_driving_car_pkg-0.0.1-py3.8.egg-info/zip-safe
/home/ubuntu/Desktop/workspace/self-driving-cars-v2/install/self_driving_car_pkg/lib/python3.8/site-packages/self_driving_car_pkg-0.0.1-py3.8.egg-info/PKG-INFO
/home/ubuntu/Desktop/workspace/self-driving-cars-v2/install/self_driving_car_pkg/lib/self_driving_car_pkg/computer_vision_node
/home/ubuntu/Desktop/workspace/self-driving-cars-v2/install/self_driving_car_pkg/lib/self_driving_car_pkg/spawner_node
/home/ubuntu/Desktop/workspace/self-driving-cars-v2/install/self_driving_car_pkg/lib/self_driving_car_pkg/video_recording_node
